#
# A fatal error has been detected by the Java Runtime Environment:
#
#  SIGSEGV (0xb) at pc=0x00007fff8a41b4dd, pid=27823, tid=2571
#
# JRE version: Java(TM) SE Runtime Environment (7.0_79-b15) (build 1.7.0_79-b15)
# Java VM: Java HotSpot(TM) 64-Bit Server VM (24.79-b02 mixed mode bsd-amd64 compressed oops)
# Problematic frame:
# C  [libobjc.A.dylib+0x14dd]  objc_msgSend+0x1d
#
# Failed to write core dump. Core dumps have been disabled. To enable core dumping, try "ulimit -c unlimited" before starting Java again
#
# If you would like to submit a bug report, please visit:
#   http://bugreport.java.com/bugreport/crash.jsp
# The crash happened outside the Java Virtual Machine in native code.
# See problematic frame for where to report the bug.
#

---------------  T H R E A D  ---------------

Current thread (0x00007fdb1a82d800):  JavaThread "AppKit Thread" daemon [_thread_in_native, id=2571, stack(0x00007fff5a0ea000,0x00007fff5a8ea000)]

siginfo:si_signo=SIGSEGV: si_errno=0, si_code=1 (SEGV_MAPERR), si_addr=0x000007fdb18c5620

Registers:
RAX=0x00007fdb18c219c0, RBX=0x00007fff5a8e5048, RCX=0x00007fdb18d82648, RDX=0x00007fdb18d8b180
RSP=0x00007fff5a8e5008, RBP=0x00007fff5a8e5010, RSI=0x00007fff888cd84a, RDI=0x00007fdb18c219c0
R8 =0x000000000000001f, R9 =0x00007fdb18df3020, R10=0x00007fff888cd84a, R11=0x000007fdb18c5608
R12=0x00007fdb18d8b180, R13=0x00007fdb18df3020, R14=0x00007fdb18d82640, R15=0x0000000000000000
RIP=0x00007fff8a41b4dd, EFLAGS=0x0000000000010202, ERR=0x0000000000000004
  TRAPNO=0x000000000000000e

Top of Stack: (sp=0x00007fff5a8e5008)
0x00007fff5a8e5008:   00007fff944c3bbc 00007fff5a8e5030
0x00007fff5a8e5018:   00007fff944c3b4f 0000000000000000
0x00007fff5a8e5028:   0000000000000000 00007fff5a8e50a0
0x00007fff5a8e5038:   00007fff944c3ac7 00007fff5a8e5070
0x00007fff5a8e5048:   00007fff71aff0a0 0000000042000000
0x00007fff5a8e5058:   00007fff944c3b10 00007fff74d84720
0x00007fff5a8e5068:   00007fdb18df3020 00007fdb18d8b180
0x00007fff5a8e5078:   00007fff5a8e5848 00007fff74eb1780
0x00007fff5a8e5088:   00007fff5a8e5848 00007fdb18df3020
0x00007fff5a8e5098:   00007fff948839e2 00007fff5a8e50e0
0x00007fff5a8e50a8:   00007fff944c3832 00007fff5a8e56c0
0x00007fff5a8e50b8:   0000000000000001 00007fff74eb1780
0x00007fff5a8e50c8:   00007fff5a8e5848 00007fff8a41b4c0
0x00007fff5a8e50d8:   00007fff948839e2 00007fff5a8e57f0
0x00007fff5a8e50e8:   00007fff944805e2 00007fdb18c590e0
0x00007fff5a8e50f8:   ffff8024e73a6f20 00007fff73032d00
0x00007fff5a8e5108:   00007fdb18e0c4f0 00007fdb190070b8
0x00007fff5a8e5118:   00007fdb18e41730 0000000000000000
0x00007fff5a8e5128:   0000000000000000 0000000000000000
0x00007fff5a8e5138:   00007fdb18e44570 00007fff74dc1bc0
0x00007fff5a8e5148:   00007fff5a8e56c0 0000000000000002
0x00007fff5a8e5158:   0000000000000100 00007fff5a8e5100
0x00007fff5a8e5168:   00007fff5a8e55c0 0000000000000000
0x00007fff5a8e5178:   0000000000000100 00007fff5a8e5100
0x00007fff5a8e5188:   00007fff74eb1780 0000000000000000
0x00007fff5a8e5198:   00007fff74d85500 00007fff74eb1780
0x00007fff5a8e51a8:   0000000000000000 00007fff74d85500
0x00007fff5a8e51b8:   00007fff73032d00 00007fff5a8e5230
0x00007fff5a8e51c8:   00007fff8a4222a4 0000000000000000
0x00007fff5a8e51d8:   00007fff73034c10 0000000100000000
0x00007fff5a8e51e8:   0000000000000000 ffff8024e73d1380
0x00007fff5a8e51f8:   00007fdb18d6c150 00007fdb18d6c180 

Instructions: (pc=0x00007fff8a41b4dd)
0x00007fff8a41b4bd:   44 00 00 48 85 ff 2e 74 62 40 f6 c7 01 2e 75 66
0x00007fff8a41b4cd:   49 bb f8 ff ff ff ff 7f 00 00 4c 23 1f 49 89 f2
0x00007fff8a41b4dd:   45 23 53 18 49 c1 e2 04 4d 03 53 10 49 3b 32 75
0x00007fff8a41b4ed:   04 41 ff 62 08 49 83 3a 01 76 0d 49 83 c2 10 49 

Register to memory mapping:

RAX=0x00007fdb18c219c0 is an unknown value
RBX=0x00007fff5a8e5048 is pointing into the stack for thread: 0x00007fdb1a82d800
RCX=0x00007fdb18d82648 is an unknown value
RDX=0x00007fdb18d8b180 is an unknown value
RSP=0x00007fff5a8e5008 is pointing into the stack for thread: 0x00007fdb1a82d800
RBP=0x00007fff5a8e5010 is pointing into the stack for thread: 0x00007fdb1a82d800
RSI=0x00007fff888cd84a: -[NSTitlebarContainerView transparent]+0x63088 in /System/Library/Frameworks/AppKit.framework/Versions/C/AppKit at 0x00007fff87e40000
RDI=0x00007fdb18c219c0 is an unknown value
R8 =0x000000000000001f is an unknown value
R9 =0x00007fdb18df3020 is an unknown value
R10=0x00007fff888cd84a: -[NSTitlebarContainerView transparent]+0x63088 in /System/Library/Frameworks/AppKit.framework/Versions/C/AppKit at 0x00007fff87e40000
R11=0x000007fdb18c5608 is an unknown value
R12=0x00007fdb18d8b180 is an unknown value
R13=0x00007fdb18df3020 is an unknown value
R14=0x00007fdb18d82640 is an unknown value
R15=0x0000000000000000 is an unknown value


Stack: [0x00007fff5a0ea000,0x00007fff5a8ea000],  sp=0x00007fff5a8e5008,  free space=8172k
Native frames: (J=compiled Java code, j=interpreted, Vv=VM code, C=native code)
C  [libobjc.A.dylib+0x14dd]  objc_msgSend+0x1d
C  [CoreFoundation+0xa0b4f]  ___CFXRegistrationPost_block_invoke+0x3f
C  [CoreFoundation+0xa0ac7]  _CFXRegistrationPost+0x197
C  [CoreFoundation+0xa0832]  ___CFXNotificationPost_block_invoke+0x32
C  [CoreFoundation+0x5d5e2]  -[_CFXNotificationRegistrar find:object:observer:enumerator:]+0x782
C  [CoreFoundation+0x5c835]  _CFXNotificationPost+0x2b5
C  [Foundation+0x717a]  -[NSNotificationCenter postNotificationName:object:userInfo:]+0x42
C  [AppKit+0x26526e]  -[NSSurface _disposeSurface]+0xa9
C  [AppKit+0x264cc7]  -[NSSurface setWindow:]+0x42
C  [AppKit+0x28ba7]  -[NSView _setWindow:]+0x9be
C  [AppKit+0x2b993]  -[NSView removeFromSuperview]+0x1d7
C  [AppKit+0x155c7b]  -[NSView removeFromSuperviewWithoutNeedingDisplay]+0x26
C  [liblwjgl.dylib+0xa205]  +[MacOSXKeyableWindow destroyWindow]+0xb5
C  [Foundation+0x76fde]  __NSThreadPerformPerform+0x117
C  [CoreFoundation+0xaa881]  __CFRUNLOOP_IS_CALLING_OUT_TO_A_SOURCE0_PERFORM_FUNCTION__+0x11
C  [CoreFoundation+0x89fbc]  __CFRunLoopDoSources0+0x22c
C  [CoreFoundation+0x894df]  __CFRunLoopRun+0x39f
C  [CoreFoundation+0x88ed8]  CFRunLoopRunSpecific+0x128
C  [HIToolbox+0x30935]  RunCurrentEventLoopInMode+0xeb
C  [HIToolbox+0x3076f]  ReceiveNextEventCommon+0x1b0
C  [HIToolbox+0x305af]  _BlockUntilNextEventMatchingListInModeWithFilter+0x47
C  [AppKit+0x48df6]  _DPSNextEvent+0x42b
C  [AppKit+0x48226]  -[NSApplication _nextEventMatchingEventMask:untilDate:inMode:dequeue:]+0x1c6
C  [libosxapp.dylib+0x24e3]  -[NSApplicationAWT nextEventMatchingMask:untilDate:inMode:dequeue:]+0x7c
C  [AppKit+0x3cd80]  -[NSApplication run]+0x2aa
C  [libosxapp.dylib+0x2346]  +[NSApplicationAWT runAWTLoopWithApp:]+0x9c
C  [liblwawt.dylib+0xe17d]  -[AWTStarter starter:]+0x369
C  [Foundation+0x76fde]  __NSThreadPerformPerform+0x117
C  [CoreFoundation+0xaa881]  __CFRUNLOOP_IS_CALLING_OUT_TO_A_SOURCE0_PERFORM_FUNCTION__+0x11
C  [CoreFoundation+0x89fbc]  __CFRunLoopDoSources0+0x22c
C  [CoreFoundation+0x894df]  __CFRunLoopRun+0x39f
C  [CoreFoundation+0x88ed8]  CFRunLoopRunSpecific+0x128
C  [java+0x73b0]  CreateExecutionEnvironment+0x367
C  [java+0x1b5c]  JLI_Launch+0x7a0
C  [java+0x770d]  main+0x65
C  [java+0x13b4]  start+0x34


---------------  P R O C E S S  ---------------

Java Threads: ( => current thread )
  0x00007fdb1997c800 JavaThread "AWT-Shutdown" [_thread_blocked, id=29515, stack(0x000070000104d000,0x000070000114d000)]
=>0x00007fdb1a82d800 JavaThread "AppKit Thread" daemon [_thread_in_native, id=2571, stack(0x00007fff5a0ea000,0x00007fff5a8ea000)]
  0x00007fdb1a029000 JavaThread "Service Thread" daemon [_thread_blocked, id=18435, stack(0x0000700000dc4000,0x0000700000ec4000)]
  0x00007fdb1a027800 JavaThread "C2 CompilerThread1" daemon [_thread_blocked, id=17923, stack(0x0000700000cc1000,0x0000700000dc1000)]
  0x00007fdb1a026800 JavaThread "C2 CompilerThread0" daemon [_thread_blocked, id=17411, stack(0x0000700000bbe000,0x0000700000cbe000)]
  0x00007fdb1a816800 JavaThread "Signal Dispatcher" daemon [_thread_blocked, id=16659, stack(0x0000700000abb000,0x0000700000bbb000)]
  0x00007fdb1a805000 JavaThread "Finalizer" daemon [_thread_blocked, id=12291, stack(0x000070000082f000,0x000070000092f000)]
  0x00007fdb1a804000 JavaThread "Reference Handler" daemon [_thread_blocked, id=11779, stack(0x000070000072c000,0x000070000082c000)]
  0x00007fdb19803800 JavaThread "main" [_thread_in_native, id=5891, stack(0x000070000011a000,0x000070000021a000)]

Other Threads:
  0x00007fdb1a00c800 VMThread [stack: 0x0000700000629000,0x0000700000729000] [id=11267]
  0x00007fdb1a031800 WatcherThread [stack: 0x0000700000ec7000,0x0000700000fc7000] [id=18947]

VM state:not at safepoint (normal execution)

VM Mutex/Monitor currently owned by a thread: None

Heap
 PSYoungGen      total 38912K, used 15606K [0x00000007d5500000, 0x00000007d8000000, 0x0000000800000000)
  eden space 33792K, 46% used [0x00000007d5500000,0x00000007d643dbc0,0x00000007d7600000)
  from space 5120K, 0% used [0x00000007d7b00000,0x00000007d7b00000,0x00000007d8000000)
  to   space 5120K, 0% used [0x00000007d7600000,0x00000007d7600000,0x00000007d7b00000)
 ParOldGen       total 87040K, used 0K [0x0000000780000000, 0x0000000785500000, 0x00000007d5500000)
  object space 87040K, 0% used [0x0000000780000000,0x0000000780000000,0x0000000785500000)
 PSPermGen       total 21504K, used 7884K [0x000000077ae00000, 0x000000077c300000, 0x0000000780000000)
  object space 21504K, 36% used [0x000000077ae00000,0x000000077b5b31b8,0x000000077c300000)

Card table byte_map: [0x0000000109923000,0x0000000109d4d000] byte_map_base: 0x0000000105d4c000

Polling page: 0x00000001055d2000

Code Cache  [0x0000000106863000, 0x0000000106ad3000, 0x0000000109863000)
 total_blobs=487 nmethods=130 adapters=311 free_code_cache=48442Kb largest_free_block=49572736

Compilation events (10 events):
Event: 13.598 Thread 0x00007fdb1a027800 nmethod 126 0x000000010690d010 code [0x000000010690d360, 0x000000010690e300]
Event: 13.599 Thread 0x00007fdb1a026800 nmethod 125 0x0000000106915250 code [0x00000001069155c0, 0x00000001069166b0]
Event: 14.019 Thread 0x00007fdb1a026800  128             org.newdawn.slick.Graphics::setCurrent (30 bytes)
Event: 14.019 Thread 0x00007fdb1a027800  127             org.newdawn.slick.Graphics::predraw (5 bytes)
Event: 14.020 Thread 0x00007fdb1a027800 nmethod 127 0x0000000106909fd0 code [0x000000010690a100, 0x000000010690a198]
Event: 14.020 Thread 0x00007fdb1a026800 nmethod 128 0x0000000106909d90 code [0x0000000106909ec0, 0x0000000106909f38]
Event: 14.020 Thread 0x00007fdb1a027800  129             org.newdawn.slick.Graphics::postdraw (1 bytes)
Event: 14.020 Thread 0x00007fdb1a027800 nmethod 129 0x0000000106909b90 code [0x0000000106909cc0, 0x0000000106909d18]
Event: 14.171 Thread 0x00007fdb1a026800  130             org.newdawn.slick.SpriteSheet::getSubImage (113 bytes)
Event: 14.174 Thread 0x00007fdb1a026800 nmethod 130 0x000000010690ca50 code [0x000000010690cbc0, 0x000000010690ce08]

GC Heap History (0 events):
No events

Deoptimization events (8 events):
Event: 0.488 Thread 0x00007fdb19803800 Uncommon trap: reason=unloaded action=reinterpret pc=0x00000001068de3c4 method=java.io.BufferedReader.readLine(Z)Ljava/lang/String; @ 268
Event: 0.924 Thread 0x00007fdb19803800 Uncommon trap: reason=unreached action=reinterpret pc=0x00000001068e928c method=java.util.HashMap.getEntry(Ljava/lang/Object;)Ljava/util/HashMap$Entry; @ 58
Event: 0.924 Thread 0x00007fdb19803800 Uncommon trap: reason=unreached action=reinterpret pc=0x00000001068e53f8 method=java.util.HashMap.getEntry(Ljava/lang/Object;)Ljava/util/HashMap$Entry; @ 58
Event: 0.965 Thread 0x00007fdb19803800 Uncommon trap: reason=null_check action=make_not_entrant pc=0x00000001068d4350 method=java.lang.String.equals(Ljava/lang/Object;)Z @ 8
Event: 1.012 Thread 0x00007fdb19803800 Uncommon trap: reason=class_check action=maybe_recompile pc=0x00000001068e64ac method=java.util.HashMap.put(Ljava/lang/Object;Ljava/lang/Object;)Ljava/lang/Object; @ 137
Event: 1.012 Thread 0x00007fdb19803800 Uncommon trap: reason=class_check action=maybe_recompile pc=0x00000001068e64ac method=java.util.HashMap.put(Ljava/lang/Object;Ljava/lang/Object;)Ljava/lang/Object; @ 137
Event: 1.012 Thread 0x00007fdb19803800 Uncommon trap: reason=class_check action=maybe_recompile pc=0x00000001068e64ac method=java.util.HashMap.put(Ljava/lang/Object;Ljava/lang/Object;)Ljava/lang/Object; @ 137
Event: 1.012 Thread 0x00007fdb19803800 Uncommon trap: reason=class_check action=maybe_recompile pc=0x00000001068e64ac method=java.util.HashMap.put(Ljava/lang/Object;Ljava/lang/Object;)Ljava/lang/Object; @ 137

Internal exceptions (10 events):
Event: 1.017 Thread 0x00007fdb19803800 Threw 0x00000007d61afea8 at /HUDSON/workspace/7u-2-build-macosx-x86_64/jdk7u79/2331/hotspot/src/share/vm/prims/jvm.cpp:1304
Event: 1.733 Thread 0x00007fdb19803800 Threw 0x00000007d61b75c0 at /HUDSON/workspace/7u-2-build-macosx-x86_64/jdk7u79/2331/hotspot/src/share/vm/prims/jvm.cpp:1304
Event: 1.734 Thread 0x00007fdb19803800 Threw 0x00000007d61bb4b0 at /HUDSON/workspace/7u-2-build-macosx-x86_64/jdk7u79/2331/hotspot/src/share/vm/prims/jvm.cpp:1304
Event: 1.769 Thread 0x00007fdb19803800 Threw 0x00000007d61d0da0 at /HUDSON/workspace/7u-2-build-macosx-x86_64/jdk7u79/2331/hotspot/src/share/vm/prims/jvm.cpp:1304
Event: 1.770 Thread 0x00007fdb19803800 Threw 0x00000007d61da430 at /HUDSON/workspace/7u-2-build-macosx-x86_64/jdk7u79/2331/hotspot/src/share/vm/prims/jvm.cpp:1304
Event: 1.771 Thread 0x00007fdb19803800 Threw 0x00000007d61ddf48 at /HUDSON/workspace/7u-2-build-macosx-x86_64/jdk7u79/2331/hotspot/src/share/vm/prims/jvm.cpp:1304
Event: 1.772 Thread 0x00007fdb19803800 Threw 0x00000007d61e1608 at /HUDSON/workspace/7u-2-build-macosx-x86_64/jdk7u79/2331/hotspot/src/share/vm/prims/jvm.cpp:1304
Event: 1.773 Thread 0x00007fdb19803800 Threw 0x00000007d61e5c18 at /HUDSON/workspace/7u-2-build-macosx-x86_64/jdk7u79/2331/hotspot/src/share/vm/prims/jvm.cpp:1304
Event: 4.385 Thread 0x00007fdb19803800 Threw 0x00000007d6233000 at /HUDSON/workspace/7u-2-build-macosx-x86_64/jdk7u79/2331/hotspot/src/share/vm/prims/jvm.cpp:1304
Event: 15.604 Thread 0x00007fdb19803800 Threw 0x00000007d6343798 at /HUDSON/workspace/7u-2-build-macosx-x86_64/jdk7u79/2331/hotspot/src/share/vm/prims/jvm.cpp:1304

Events (10 events):
Event: 11.663 Executing VM operation: RevokeBias
Event: 11.663 Executing VM operation: RevokeBias done
Event: 11.663 Thread 0x00007fdb1903f800 Thread exited: 0x00007fdb1903f800
Event: 11.869 Thread 0x00007fdb1903f800 Thread added: 0x00007fdb1903f800
Event: 14.332 Executing VM operation: RevokeBias
Event: 14.332 Executing VM operation: RevokeBias done
Event: 14.332 Thread 0x00007fdb1903f800 Thread exited: 0x00007fdb1903f800
Event: 15.324 Thread 0x00007fdb1997c800 Thread added: 0x00007fdb1997c800
Event: 15.604 loading class 0x00007fdb18f0c460
Event: 15.604 loading class 0x00007fdb18f0c460 done


Dynamic libraries:
0x0000000000eb9000 	/System/Library/Frameworks/Cocoa.framework/Versions/A/Cocoa
0x0000000000eb9000 	/System/Library/Frameworks/Security.framework/Versions/A/Security
0x0000000000eb9000 	/System/Library/Frameworks/ApplicationServices.framework/Versions/A/ApplicationServices
0x0000000000eb9000 	/usr/lib/libz.1.dylib
0x0000000000eb9000 	/usr/lib/libSystem.B.dylib
0x0000000000eb9000 	/usr/lib/libobjc.A.dylib
0x0000000000eb9000 	/System/Library/Frameworks/CoreFoundation.framework/Versions/A/CoreFoundation
0x0000000000eb9000 	/System/Library/Frameworks/Foundation.framework/Versions/C/Foundation
0x0000000000eb9000 	/System/Library/Frameworks/AppKit.framework/Versions/C/AppKit
0x0000000000eb9000 	/System/Library/Frameworks/CoreData.framework/Versions/A/CoreData
0x0000000000eb9000 	/System/Library/PrivateFrameworks/RemoteViewServices.framework/Versions/A/RemoteViewServices
0x0000000000eb9000 	/System/Library/PrivateFrameworks/UIFoundation.framework/Versions/A/UIFoundation
0x0000000000eb9000 	/usr/lib/libScreenReader.dylib
0x0000000000eb9000 	/System/Library/Frameworks/Accelerate.framework/Versions/A/Accelerate
0x0000000000eb9000 	/System/Library/Frameworks/IOSurface.framework/Versions/A/IOSurface
0x0000000000eb9000 	/System/Library/Frameworks/AudioToolbox.framework/Versions/A/AudioToolbox
0x0000000000eb9000 	/System/Library/Frameworks/AudioUnit.framework/Versions/A/AudioUnit
0x0000000000eb9000 	/System/Library/PrivateFrameworks/DataDetectorsCore.framework/Versions/A/DataDetectorsCore
0x0000000000eb9000 	/System/Library/PrivateFrameworks/DesktopServicesPriv.framework/Versions/A/DesktopServicesPriv
0x0000000000eb9000 	/System/Library/Frameworks/Carbon.framework/Versions/A/Frameworks/HIToolbox.framework/Versions/A/HIToolbox
0x0000000000eb9000 	/System/Library/Frameworks/QuartzCore.framework/Versions/A/QuartzCore
0x0000000000eb9000 	/System/Library/Frameworks/Carbon.framework/Versions/A/Frameworks/SpeechRecognition.framework/Versions/A/SpeechRecognition
0x0000000000eb9000 	/usr/lib/libauto.dylib
0x0000000000eb9000 	/usr/lib/libicucore.A.dylib
0x0000000000eb9000 	/usr/lib/libxml2.2.dylib
0x0000000000eb9000 	/System/Library/PrivateFrameworks/CoreUI.framework/Versions/A/CoreUI
0x0000000000eb9000 	/System/Library/Frameworks/CoreAudio.framework/Versions/A/CoreAudio
0x0000000000eb9000 	/System/Library/Frameworks/DiskArbitration.framework/Versions/A/DiskArbitration
0x0000000000eb9000 	/usr/lib/liblangid.dylib
0x0000000000eb9000 	/System/Library/PrivateFrameworks/MultitouchSupport.framework/Versions/A/MultitouchSupport
0x0000000000eb9000 	/System/Library/Frameworks/IOKit.framework/Versions/A/IOKit
0x0000000000eb9000 	/usr/lib/libDiagnosticMessagesClient.dylib
0x0000000000eb9000 	/System/Library/Frameworks/CoreServices.framework/Versions/A/CoreServices
0x0000000000eb9000 	/System/Library/PrivateFrameworks/PerformanceAnalysis.framework/Versions/A/PerformanceAnalysis
0x0000000000eb9000 	/System/Library/PrivateFrameworks/GenerationalStorage.framework/Versions/A/GenerationalStorage
0x0000000000eb9000 	/System/Library/Frameworks/OpenGL.framework/Versions/A/OpenGL
0x0000000000eb9000 	/System/Library/PrivateFrameworks/Sharing.framework/Versions/A/Sharing
0x0000000000eb9000 	/System/Library/Frameworks/CoreGraphics.framework/Versions/A/CoreGraphics
0x0000000000eb9000 	/System/Library/Frameworks/CoreImage.framework/Versions/A/CoreImage
0x0000000000eb9000 	/System/Library/Frameworks/CoreText.framework/Versions/A/CoreText
0x0000000000eb9000 	/System/Library/Frameworks/ImageIO.framework/Versions/A/ImageIO
0x0000000000eb9000 	/System/Library/PrivateFrameworks/Backup.framework/Versions/A/Backup
0x0000000000eb9000 	/usr/lib/libextension.dylib
0x0000000000eb9000 	/usr/lib/libarchive.2.dylib
0x0000000000eb9000 	/System/Library/Frameworks/CFNetwork.framework/Versions/A/CFNetwork
0x0000000000eb9000 	/System/Library/Frameworks/SystemConfiguration.framework/Versions/A/SystemConfiguration
0x0000000000eb9000 	/usr/lib/libCRFSuite.dylib
0x0000000000eb9000 	/usr/lib/libc++.1.dylib
0x0000000000eb9000 	/usr/lib/libc++abi.dylib
0x0000000000eb9000 	/usr/lib/system/libcache.dylib
0x0000000000eb9000 	/usr/lib/system/libcommonCrypto.dylib
0x0000000000eb9000 	/usr/lib/system/libcompiler_rt.dylib
0x0000000000eb9000 	/usr/lib/system/libcopyfile.dylib
0x0000000000eb9000 	/usr/lib/system/libcorecrypto.dylib
0x0000000000eb9000 	/usr/lib/system/libdispatch.dylib
0x0000000000eb9000 	/usr/lib/system/libdyld.dylib
0x0000000000eb9000 	/usr/lib/system/libkeymgr.dylib
0x0000000000eb9000 	/usr/lib/system/liblaunch.dylib
0x0000000000eb9000 	/usr/lib/system/libmacho.dylib
0x0000000000eb9000 	/usr/lib/system/libquarantine.dylib
0x0000000000eb9000 	/usr/lib/system/libremovefile.dylib
0x0000000000eb9000 	/usr/lib/system/libsystem_asl.dylib
0x0000000000eb9000 	/usr/lib/system/libsystem_blocks.dylib
0x0000000000eb9000 	/usr/lib/system/libsystem_c.dylib
0x0000000000eb9000 	/usr/lib/system/libsystem_configuration.dylib
0x0000000000eb9000 	/usr/lib/system/libsystem_coreservices.dylib
0x0000000000eb9000 	/usr/lib/system/libsystem_coretls.dylib
0x0000000000eb9000 	/usr/lib/system/libsystem_dnssd.dylib
0x0000000000eb9000 	/usr/lib/system/libsystem_info.dylib
0x0000000000eb9000 	/usr/lib/system/libsystem_kernel.dylib
0x0000000000eb9000 	/usr/lib/system/libsystem_m.dylib
0x0000000000eb9000 	/usr/lib/system/libsystem_malloc.dylib
0x0000000000eb9000 	/usr/lib/system/libsystem_network.dylib
0x0000000000eb9000 	/usr/lib/system/libsystem_networkextension.dylib
0x0000000000eb9000 	/usr/lib/system/libsystem_notify.dylib
0x0000000000eb9000 	/usr/lib/system/libsystem_platform.dylib
0x0000000000eb9000 	/usr/lib/system/libsystem_pthread.dylib
0x0000000000eb9000 	/usr/lib/system/libsystem_sandbox.dylib
0x0000000000eb9000 	/usr/lib/system/libsystem_secinit.dylib
0x0000000000eb9000 	/usr/lib/system/libsystem_trace.dylib
0x0000000000eb9000 	/usr/lib/system/libunc.dylib
0x0000000000eb9000 	/usr/lib/system/libunwind.dylib
0x0000000000eb9000 	/usr/lib/system/libxpc.dylib
0x0000000000eb9000 	/usr/lib/libenergytrace.dylib
0x0000000000eb9000 	/usr/lib/libbsm.0.dylib
0x0000000000eb9000 	/usr/lib/system/libkxld.dylib
0x0000000000eb9000 	/usr/lib/libxar.1.dylib
0x0000000000eb9000 	/usr/lib/libsqlite3.dylib
0x0000000000eb9000 	/usr/lib/libpam.2.dylib
0x0000000000eb9000 	/usr/lib/libOpenScriptingUtil.dylib
0x0000000000eb9000 	/usr/lib/libbz2.1.0.dylib
0x0000000000eb9000 	/usr/lib/liblzma.5.dylib
0x0000000000eb9000 	/System/Library/Frameworks/CoreServices.framework/Versions/A/Frameworks/FSEvents.framework/Versions/A/FSEvents
0x0000000000eb9000 	/System/Library/Frameworks/CoreServices.framework/Versions/A/Frameworks/CarbonCore.framework/Versions/A/CarbonCore
0x0000000000eb9000 	/System/Library/Frameworks/CoreServices.framework/Versions/A/Frameworks/Metadata.framework/Versions/A/Metadata
0x0000000000eb9000 	/System/Library/Frameworks/CoreServices.framework/Versions/A/Frameworks/OSServices.framework/Versions/A/OSServices
0x0000000000eb9000 	/System/Library/Frameworks/CoreServices.framework/Versions/A/Frameworks/SearchKit.framework/Versions/A/SearchKit
0x0000000000eb9000 	/System/Library/Frameworks/CoreServices.framework/Versions/A/Frameworks/AE.framework/Versions/A/AE
0x0000000000eb9000 	/System/Library/Frameworks/CoreServices.framework/Versions/A/Frameworks/LaunchServices.framework/Versions/A/LaunchServices
0x0000000000eb9000 	/System/Library/Frameworks/CoreServices.framework/Versions/A/Frameworks/DictionaryServices.framework/Versions/A/DictionaryServices
0x0000000000eb9000 	/System/Library/Frameworks/CoreServices.framework/Versions/A/Frameworks/SharedFileList.framework/Versions/A/SharedFileList
0x0000000000eb9000 	/System/Library/Frameworks/NetFS.framework/Versions/A/NetFS
0x0000000000eb9000 	/System/Library/PrivateFrameworks/NetAuth.framework/Versions/A/NetAuth
0x0000000000eb9000 	/System/Library/PrivateFrameworks/login.framework/Versions/A/Frameworks/loginsupport.framework/Versions/A/loginsupport
0x0000000000eb9000 	/System/Library/PrivateFrameworks/TCC.framework/Versions/A/TCC
0x0000000000eb9000 	/usr/lib/libmecabra.dylib
0x0000000000eb9000 	/System/Library/Frameworks/ApplicationServices.framework/Versions/A/Frameworks/ATS.framework/Versions/A/ATS
0x0000000000eb9000 	/System/Library/Frameworks/ApplicationServices.framework/Versions/A/Frameworks/ColorSync.framework/Versions/A/ColorSync
0x0000000000eb9000 	/System/Library/Frameworks/ApplicationServices.framework/Versions/A/Frameworks/HIServices.framework/Versions/A/HIServices
0x0000000000eb9000 	/System/Library/Frameworks/ApplicationServices.framework/Versions/A/Frameworks/LangAnalysis.framework/Versions/A/LangAnalysis
0x0000000000eb9000 	/System/Library/Frameworks/ApplicationServices.framework/Versions/A/Frameworks/PrintCore.framework/Versions/A/PrintCore
0x0000000000eb9000 	/System/Library/Frameworks/ApplicationServices.framework/Versions/A/Frameworks/QD.framework/Versions/A/QD
0x0000000000eb9000 	/System/Library/Frameworks/ApplicationServices.framework/Versions/A/Frameworks/SpeechSynthesis.framework/Versions/A/SpeechSynthesis
0x0000000000eb9000 	/System/Library/Frameworks/Metal.framework/Versions/A/Metal
0x0000000000eb9000 	/System/Library/Frameworks/Accelerate.framework/Versions/A/Frameworks/vImage.framework/Versions/A/vImage
0x0000000000eb9000 	/System/Library/Frameworks/Accelerate.framework/Versions/A/Frameworks/vecLib.framework/Versions/A/vecLib
0x0000000000eb9000 	/System/Library/Frameworks/Accelerate.framework/Versions/A/Frameworks/vecLib.framework/Versions/A/libvDSP.dylib
0x0000000000eb9000 	/System/Library/Frameworks/Accelerate.framework/Versions/A/Frameworks/vecLib.framework/Versions/A/libvMisc.dylib
0x0000000000eb9000 	/System/Library/Frameworks/Accelerate.framework/Versions/A/Frameworks/vecLib.framework/Versions/A/libLAPACK.dylib
0x0000000000eb9000 	/System/Library/Frameworks/Accelerate.framework/Versions/A/Frameworks/vecLib.framework/Versions/A/libBLAS.dylib
0x0000000000eb9000 	/System/Library/Frameworks/Accelerate.framework/Versions/A/Frameworks/vecLib.framework/Versions/A/libLinearAlgebra.dylib
0x0000000000eb9000 	/System/Library/Frameworks/Accelerate.framework/Versions/A/Frameworks/vecLib.framework/Versions/A/libSparseBLAS.dylib
0x0000000000eb9000 	/System/Library/PrivateFrameworks/GPUCompiler.framework/libmetal_timestamp.dylib
0x0000000000eb9000 	/System/Library/Frameworks/OpenGL.framework/Versions/A/Libraries/libCoreFSCache.dylib
0x0000000000eb9000 	/System/Library/PrivateFrameworks/IOAccelerator.framework/Versions/A/IOAccelerator
0x0000000000eb9000 	/System/Library/Frameworks/ApplicationServices.framework/Versions/A/Frameworks/ATS.framework/Versions/A/Resources/libFontParser.dylib
0x0000000000eb9000 	/System/Library/Frameworks/ApplicationServices.framework/Versions/A/Frameworks/ATS.framework/Versions/A/Resources/libFontRegistry.dylib
0x0000000000eb9000 	/System/Library/PrivateFrameworks/AppleVPA.framework/Versions/A/AppleVPA
0x0000000000eb9000 	/System/Library/PrivateFrameworks/AppleJPEG.framework/Versions/A/AppleJPEG
0x0000000000eb9000 	/System/Library/Frameworks/ImageIO.framework/Versions/A/Resources/libJPEG.dylib
0x0000000000eb9000 	/System/Library/Frameworks/ImageIO.framework/Versions/A/Resources/libTIFF.dylib
0x0000000000eb9000 	/System/Library/Frameworks/ImageIO.framework/Versions/A/Resources/libPng.dylib
0x0000000000eb9000 	/System/Library/Frameworks/ImageIO.framework/Versions/A/Resources/libGIF.dylib
0x0000000000eb9000 	/System/Library/Frameworks/ImageIO.framework/Versions/A/Resources/libJP2.dylib
0x0000000000eb9000 	/System/Library/Frameworks/ImageIO.framework/Versions/A/Resources/libRadiance.dylib
0x0000000000eb9000 	/System/Library/Frameworks/CoreVideo.framework/Versions/A/CoreVideo
0x0000000000eb9000 	/System/Library/Frameworks/OpenGL.framework/Versions/A/Libraries/libGLU.dylib
0x0000000000eb9000 	/System/Library/Frameworks/OpenGL.framework/Versions/A/Libraries/libGFXShared.dylib
0x0000000000eb9000 	/System/Library/Frameworks/OpenGL.framework/Versions/A/Libraries/libGL.dylib
0x0000000000eb9000 	/System/Library/Frameworks/OpenGL.framework/Versions/A/Libraries/libGLImage.dylib
0x0000000000eb9000 	/System/Library/Frameworks/OpenGL.framework/Versions/A/Libraries/libCVMSPluginSupport.dylib
0x0000000000eb9000 	/System/Library/Frameworks/OpenGL.framework/Versions/A/Libraries/libCoreVMClient.dylib
0x0000000000eb9000 	/usr/lib/libcompression.dylib
0x0000000000eb9000 	/usr/lib/libcups.2.dylib
0x0000000000eb9000 	/System/Library/Frameworks/Kerberos.framework/Versions/A/Kerberos
0x0000000000eb9000 	/System/Library/Frameworks/GSS.framework/Versions/A/GSS
0x0000000000eb9000 	/usr/lib/libresolv.9.dylib
0x0000000000eb9000 	/usr/lib/libiconv.2.dylib
0x0000000000eb9000 	/System/Library/PrivateFrameworks/Heimdal.framework/Versions/A/Heimdal
0x0000000000eb9000 	/usr/lib/libheimdal-asn1.dylib
0x0000000000eb9000 	/System/Library/Frameworks/OpenDirectory.framework/Versions/A/OpenDirectory
0x0000000000eb9000 	/System/Library/PrivateFrameworks/CommonAuth.framework/Versions/A/CommonAuth
0x0000000000eb9000 	/System/Library/Frameworks/OpenDirectory.framework/Versions/A/Frameworks/CFOpenDirectory.framework/Versions/A/CFOpenDirectory
0x0000000000eb9000 	/System/Library/Frameworks/SecurityFoundation.framework/Versions/A/SecurityFoundation
0x0000000000eb9000 	/System/Library/PrivateFrameworks/LanguageModeling.framework/Versions/A/LanguageModeling
0x0000000000eb9000 	/usr/lib/libmarisa.dylib
0x0000000000eb9000 	/usr/lib/libChineseTokenizer.dylib
0x0000000000eb9000 	/usr/lib/libcmph.dylib
0x0000000000eb9000 	/System/Library/Frameworks/ServiceManagement.framework/Versions/A/ServiceManagement
0x0000000000eb9000 	/usr/lib/libxslt.1.dylib
0x0000000000eb9000 	/System/Library/Frameworks/Carbon.framework/Versions/A/Frameworks/Ink.framework/Versions/A/Ink
0x0000000000eb9000 	/usr/lib/libFosl_dynamic.dylib
0x0000000000eb9000 	/System/Library/PrivateFrameworks/FaceCore.framework/Versions/A/FaceCore
0x0000000000eb9000 	/System/Library/Frameworks/OpenCL.framework/Versions/A/OpenCL
0x0000000000eb9000 	/System/Library/PrivateFrameworks/CrashReporterSupport.framework/Versions/A/CrashReporterSupport
0x0000000000eb9000 	/System/Library/PrivateFrameworks/IconServices.framework/Versions/A/IconServices
0x0000000000eb9000 	/System/Library/PrivateFrameworks/Apple80211.framework/Versions/A/Apple80211
0x0000000000eb9000 	/System/Library/Frameworks/CoreWLAN.framework/Versions/A/CoreWLAN
0x0000000000eb9000 	/System/Library/Frameworks/IOBluetooth.framework/Versions/A/IOBluetooth
0x0000000000eb9000 	/System/Library/PrivateFrameworks/CoreWiFi.framework/Versions/A/CoreWiFi
0x0000000000eb9000 	/System/Library/Frameworks/CoreBluetooth.framework/Versions/A/CoreBluetooth
0x0000000000eb9000 	/System/Library/PrivateFrameworks/ChunkingLibrary.framework/Versions/A/ChunkingLibrary
0x0000000000eb9000 	/System/Library/PrivateFrameworks/DebugSymbols.framework/Versions/A/DebugSymbols
0x0000000000eb9000 	/System/Library/PrivateFrameworks/CoreSymbolication.framework/Versions/A/CoreSymbolication
0x0000000000eb9000 	/System/Library/PrivateFrameworks/Symbolication.framework/Versions/A/Symbolication
0x0000000000eb9000 	/System/Library/PrivateFrameworks/SpeechRecognitionCore.framework/Versions/A/SpeechRecognitionCore
0x0000000105e00000 	/Library/Java/JavaVirtualMachines/jdk1.7.0_79.jdk/Contents/Home/jre/lib/server/libjvm.dylib
0x0000000000eb9000 	/usr/lib/libstdc++.6.dylib
0x0000000105595000 	/Library/Java/JavaVirtualMachines/jdk1.7.0_79.jdk/Contents/Home/jre/lib/libverify.dylib
0x00000001055a2000 	/Library/Java/JavaVirtualMachines/jdk1.7.0_79.jdk/Contents/Home/jre/lib/libjava.dylib
0x00000001055dc000 	/Library/Java/JavaVirtualMachines/jdk1.7.0_79.jdk/Contents/Home/jre/lib/libzip.dylib
0x000000010f9be000 	/System/Library/Frameworks/JavaVM.framework/Frameworks/JavaRuntimeSupport.framework/JavaRuntimeSupport
0x00000001055e6000 	/System/Library/Frameworks/JavaVM.framework/Versions/A/Frameworks/JavaNativeFoundation.framework/Versions/A/JavaNativeFoundation
0x000000010f9d9000 	/System/Library/Frameworks/JavaVM.framework/Versions/A/JavaVM
0x0000000000eb9000 	/System/Library/Frameworks/Carbon.framework/Versions/A/Carbon
0x000000010f9e6000 	/System/Library/PrivateFrameworks/JavaLaunching.framework/Versions/A/JavaLaunching
0x0000000000eb9000 	/System/Library/Frameworks/Carbon.framework/Versions/A/Frameworks/CommonPanels.framework/Versions/A/CommonPanels
0x0000000000eb9000 	/System/Library/Frameworks/Carbon.framework/Versions/A/Frameworks/Help.framework/Versions/A/Help
0x0000000000eb9000 	/System/Library/Frameworks/Carbon.framework/Versions/A/Frameworks/ImageCapture.framework/Versions/A/ImageCapture
0x0000000000eb9000 	/System/Library/Frameworks/Carbon.framework/Versions/A/Frameworks/OpenScripting.framework/Versions/A/OpenScripting
0x0000000000eb9000 	/System/Library/Frameworks/Carbon.framework/Versions/A/Frameworks/Print.framework/Versions/A/Print
0x0000000000eb9000 	/System/Library/Frameworks/Carbon.framework/Versions/A/Frameworks/SecurityHI.framework/Versions/A/SecurityHI
0x000000011132a000 	/Library/Java/JavaVirtualMachines/jdk1.7.0_79.jdk/Contents/Home/jre/lib/libawt.dylib
0x00000001113d9000 	/Library/Java/JavaVirtualMachines/jdk1.7.0_79.jdk/Contents/Home/jre/lib/./libmlib_image.dylib
0x00000001114a5000 	/Library/Java/JavaVirtualMachines/jdk1.7.0_79.jdk/Contents/Home/jre/lib/lwawt/liblwawt.dylib
0x000000011155b000 	/Library/Java/JavaVirtualMachines/jdk1.7.0_79.jdk/Contents/Home/jre/lib/libosxapp.dylib
0x0000000000eb9000 	/System/Library/Frameworks/ExceptionHandling.framework/Versions/A/ExceptionHandling
0x0000000000eb9000 	/System/Library/PrivateFrameworks/CoreServicesInternal.framework/Versions/A/CoreServicesInternal
0x0000000000eb9000 	/System/Library/Frameworks/CoreGraphics.framework/Versions/A/Resources/libRIP.A.dylib
0x0000000111d20000 	/System/Library/Frameworks/Accelerate.framework/Frameworks/vImage.framework/Versions/A/Libraries/libCGInterfaces.dylib
0x0000000000eb9000 	/System/Library/Frameworks/CoreGraphics.framework/Versions/A/Resources/libCGXType.A.dylib
0x0000000000eb9000 	/System/Library/Frameworks/OpenCL.framework/Versions/A/Libraries/libcldcpuengine.dylib
0x0000000000eb9000 	/System/Library/PrivateFrameworks/DiskImages.framework/Versions/A/DiskImages
0x0000000000eb9000 	/System/Library/Frameworks/DiscRecording.framework/Versions/A/DiscRecording
0x0000000000eb9000 	/usr/lib/libcsfde.dylib
0x0000000000eb9000 	/usr/lib/libcurl.4.dylib
0x0000000000eb9000 	/System/Library/PrivateFrameworks/MediaKit.framework/Versions/A/MediaKit
0x0000000000eb9000 	/System/Library/PrivateFrameworks/ProtectedCloudStorage.framework/Versions/A/ProtectedCloudStorage
0x0000000000eb9000 	/usr/lib/libCoreStorage.dylib
0x0000000000eb9000 	/System/Library/PrivateFrameworks/EFILogin.framework/Versions/A/EFILogin
0x0000000000eb9000 	/usr/lib/libutil.dylib
0x0000000000eb9000 	/System/Library/PrivateFrameworks/FindMyDevice.framework/Versions/A/FindMyDevice
0x0000000000eb9000 	/System/Library/Frameworks/LDAP.framework/Versions/A/LDAP
0x0000000000eb9000 	/usr/lib/libsasl2.2.dylib
0x0000000000eb9000 	/System/Library/PrivateFrameworks/CoreDaemon.framework/Versions/B/CoreDaemon
0x0000000000eb9000 	/usr/lib/libcrypto.0.9.8.dylib
0x0000000000eb9000 	/System/Library/PrivateFrameworks/AppleSRP.framework/Versions/A/AppleSRP
0x0000000000eb9000 	/System/Library/PrivateFrameworks/TrustEvaluationAgent.framework/Versions/A/TrustEvaluationAgent
0x0000000111ead000 	cl_kernels
0x0000000000eb9000 	/System/Library/Frameworks/OpenCL.framework/Versions/A/Libraries/ImageFormats/unorm8_bgra.dylib
0x0000000000eb9000 	/System/Library/Frameworks/OpenCL.framework/Versions/A/Libraries/ImageFormats/unorm8_rgba.dylib
0x0000000000eb9000 	/System/Library/PrivateFrameworks/FamilyControls.framework/Versions/A/FamilyControls
0x0000000000eb9000 	/System/Library/PrivateFrameworks/CommerceKit.framework/Versions/A/Frameworks/CommerceCore.framework/Versions/A/CommerceCore
0x0000000000eb9000 	/System/Library/PrivateFrameworks/SystemAdministration.framework/Versions/A/SystemAdministration
0x0000000000eb9000 	/System/Library/PrivateFrameworks/AppContainer.framework/Versions/A/AppContainer
0x0000000000eb9000 	/System/Library/PrivateFrameworks/SecCodeWrapper.framework/Versions/A/SecCodeWrapper
0x0000000000eb9000 	/System/Library/Frameworks/DirectoryService.framework/Versions/A/DirectoryService
0x0000000000eb9000 	/System/Library/PrivateFrameworks/LoginUIKit.framework/Versions/A/Frameworks/LoginUICore.framework/Versions/A/LoginUICore
0x0000000000eb9000 	/usr/lib/libodfde.dylib
0x0000000113cdd000 	/Library/Java/JavaVirtualMachines/jdk1.7.0_79.jdk/Contents/Home/jre/lib/libfontmanager.dylib
0x0000000113d44000 	/Users/emorey/Documents/workspace/Robomon/libraries/native/macosx/liblwjgl.dylib
0x0000000112216000 	/Library/Java/JavaVirtualMachines/jdk1.7.0_79.jdk/Contents/Home/jre/lib/libjawt.dylib
0x0000000112219000 	/Library/Java/JavaVirtualMachines/jdk1.7.0_79.jdk/Contents/Home/jre/lib/libnio.dylib
0x0000000113dc6000 	/Library/Java/JavaVirtualMachines/jdk1.7.0_79.jdk/Contents/Home/jre/lib/./libnet.dylib
0x0000000113e24000 	/System/Library/Frameworks/OpenGL.framework/Resources/GLEngine.bundle/GLEngine
0x0000000000eb9000 	/System/Library/Frameworks/OpenGL.framework/Versions/A/Libraries/libGLProgrammability.dylib
0x000000011400c000 	/System/Library/Extensions/AppleIntelHD5000GraphicsGLDriver.bundle/Contents/MacOS/AppleIntelHD5000GraphicsGLDriver
0x0000000000eb9000 	/System/Library/PrivateFrameworks/GPUSupport.framework/Versions/A/Libraries/libGPUSupportMercury.dylib
0x000000011475b000 	/System/Library/Frameworks/OpenGL.framework/Resources//GLRendererFloat.bundle/GLRendererFloat
0x000000011532f000 	/Users/emorey/Documents/workspace/Robomon/libraries/native/macosx/libjinput-osx.dylib
0x0000000115334000 	/System/Library/Extensions/IOHIDFamily.kext/Contents/PlugIns/IOHIDLib.plugin/Contents/MacOS/IOHIDLib

VM Arguments:
jvm_args: -Djava.library.path=/Users/emorey/Documents/workspace/Robomon/libraries/native/macosx -Dfile.encoding=UTF-8 
java_command: com.robomon.states.Game
Launcher Type: SUN_STANDARD

Environment Variables:
PATH=/usr/bin:/bin:/usr/sbin:/sbin
SHELL=/bin/bash

Signal Handlers:
SIGSEGV: [libjvm.dylib+0x52daf1], sa_mask[0]=0xfffefeff, sa_flags=0x00000043
SIGBUS: [libjvm.dylib+0x52daf1], sa_mask[0]=0xfffefeff, sa_flags=0x00000042
SIGFPE: [libjvm.dylib+0x41f34e], sa_mask[0]=0xfffefeff, sa_flags=0x00000042
SIGPIPE: [libjvm.dylib+0x41f34e], sa_mask[0]=0xfffefeff, sa_flags=0x00000042
SIGXFSZ: [libjvm.dylib+0x41f34e], sa_mask[0]=0xfffefeff, sa_flags=0x00000042
SIGILL: [libjvm.dylib+0x41f34e], sa_mask[0]=0xfffefeff, sa_flags=0x00000042
SIGUSR1: SIG_DFL, sa_mask[0]=0x00000000, sa_flags=0x00000000
SIGUSR2: [libjvm.dylib+0x41ee40], sa_mask[0]=0x00000004, sa_flags=0x00000042
SIGHUP: [libjvm.dylib+0x41d0d1], sa_mask[0]=0xfffefeff, sa_flags=0x00000042
SIGINT: [libjvm.dylib+0x41d0d1], sa_mask[0]=0xfffefeff, sa_flags=0x00000042
SIGTERM: [libjvm.dylib+0x41d0d1], sa_mask[0]=0xfffefeff, sa_flags=0x00000042
SIGQUIT: [libjvm.dylib+0x41d0d1], sa_mask[0]=0xfffefeff, sa_flags=0x00000042


---------------  S Y S T E M  ---------------

OS:Bsduname:Darwin 15.6.0 Darwin Kernel Version 15.6.0: Thu Jun 23 18:25:34 PDT 2016; root:xnu-3248.60.10~1/RELEASE_X86_64 x86_64
rlimit: STACK 8192k, CORE 0k, NPROC 709, NOFILE 10240, AS infinity
load average:1.79 1.72 1.74

CPU:total 4 (2 cores per cpu, 2 threads per core) family 6 model 69 stepping 1, cmov, cx8, fxsr, mmx, sse, sse2, sse3, ssse3, sse4.1, sse4.2, popcnt, avx, avx2, aes, erms, ht, tsc, tscinvbit

Memory: 4k page, physical 8388608k(2097152k free)

/proc/meminfo:


vm_info: Java HotSpot(TM) 64-Bit Server VM (24.79-b02) for bsd-amd64 JRE (1.7.0_79-b15), built on Apr 10 2015 11:35:04 by "java_re" with gcc 4.2.1 (Based on Apple Inc. build 5658) (LLVM build 2336.11.00)

time: Wed Aug 24 13:22:30 2016
elapsed time: 15 seconds

